<!DOCTYPE html PUBLIC "-//W3C//DTD XHTML 1.1//EN" "http://www.w3.org/TR/xhtml11/DTD/xhtml11.dtd">
<html xmlns="http://www.w3.org/1999/xhtml"><head><title>TestNG Report</title><style type="text/css">table {margin-bottom:10px;border-collapse:collapse;empty-cells:show}th,td {border:1px solid #009;padding:.25em .5em}th {vertical-align:bottom}td {vertical-align:top}table a {font-weight:bold}.stripe td {background-color: #E6EBF9}.num {text-align:right}.passedodd td {background-color: #3F3}.passedeven td {background-color: #0A0}.skippedodd td {background-color: #DDD}.skippedeven td {background-color: #CCC}.failedodd td,.attn {background-color: #F33}.failedeven td,.stripe .attn {background-color: #D00}.stacktrace {white-space:pre;font-family:monospace}.totop {font-size:85%;text-align:center;border-bottom:2px solid #000}</style></head><body><table><tr><th>Test</th><th># Passed</th><th># Skipped</th><th># Failed</th><th>Time (ms)</th><th>Included Groups</th><th>Excluded Groups</th></tr><tr><th colspan="7">Suite</th></tr><tr><td><a href="#t0">case1</a></td><td class="num">4</td><td class="num">0</td><td class="num attn">1</td><td class="num">16,206</td><td></td><td></td></tr><tr class="stripe"><td><a href="#t1">case2</a></td><td class="num">2</td><td class="num">0</td><td class="num">0</td><td class="num">15</td><td></td><td></td></tr><tr><td><a href="#t2">case3</a></td><td class="num">8</td><td class="num">0</td><td class="num attn">1</td><td class="num">148,084</td><td></td><td></td></tr><tr class="stripe"><td><a href="#t3">case4</a></td><td class="num">1</td><td class="num">0</td><td class="num">0</td><td class="num">2,903,600</td><td></td><td></td></tr><tr><td><a href="#t4">case5</a></td><td class="num">1</td><td class="num">0</td><td class="num attn">1</td><td class="num">28,680</td><td></td><td></td></tr><tr><th>Total</th><th class="num">16</th><th class="num">0</th><th class="num attn">3</th><th class="num">3,096,585</th><th colspan="2"></th></tr></table><table><thead><tr><th>Class</th><th>Method</th><th>Start</th><th>Time (ms)</th></tr></thead><tbody><tr><th colspan="4">Suite</th></tr></tbody><tbody id="t0"><tr><th colspan="4">case1 &#8212; failed</th></tr><tr class="failedeven"><td rowspan="1">TestCases.Case1</td><td><a href="#m0">open1</a></td><td rowspan="1">1495605396904</td><td rowspan="1">16</td></tr><tr><th colspan="4">case1 &#8212; passed</th></tr><tr class="passedeven"><td rowspan="4">TestCases.Case1</td><td><a href="#m1">open</a></td><td rowspan="1">1495605396825</td><td rowspan="1">79</td></tr><tr class="passedeven"><td><a href="#m2">open2</a></td><td rowspan="1">1495605396920</td><td rowspan="1">0</td></tr><tr class="passedeven"><td><a href="#m3">open3</a></td><td rowspan="1">1495605396920</td><td rowspan="1">5772</td></tr><tr class="passedeven"><td><a href="#m4">open4</a></td><td rowspan="1">1495605402692</td><td rowspan="1">16</td></tr></tbody><tbody id="t1"><tr><th colspan="4">case2 &#8212; passed</th></tr><tr class="passedeven"><td rowspan="2">TestCases.Case2</td><td><a href="#m5">f</a></td><td rowspan="2">1495605403847</td><td rowspan="2">0</td></tr><tr class="passedeven"><td><a href="#m6">f</a></td></tr></tbody><tbody id="t2"><tr><th colspan="4">case3 &#8212; failed</th></tr><tr class="failedeven"><td rowspan="1">TestCases.Case3</td><td><a href="#m7">test5</a></td><td rowspan="1">1495605550886</td><td rowspan="1">0</td></tr><tr><th colspan="4">case3 &#8212; passed</th></tr><tr class="passedeven"><td rowspan="8">TestCases.Case3</td><td><a href="#m8">test1</a></td><td rowspan="1">1495605407098</td><td rowspan="1">17882</td></tr><tr class="passedeven"><td><a href="#m9">test2</a></td><td rowspan="1">1495605424980</td><td rowspan="1">86197</td></tr><tr class="passedeven"><td><a href="#m10">test3</a></td><td rowspan="1">1495605511177</td><td rowspan="1">19797</td></tr><tr class="passedeven"><td><a href="#m11">test4</a></td><td rowspan="1">1495605530974</td><td rowspan="1">19912</td></tr><tr class="passedeven"><td><a href="#m12">test6</a></td><td rowspan="1">1495605550886</td><td rowspan="1">0</td></tr><tr class="passedeven"><td><a href="#m13">verifyUser</a></td><td rowspan="3">1495605550901</td><td rowspan="3">0</td></tr><tr class="passedeven"><td><a href="#m14">verifyUser</a></td></tr><tr class="passedeven"><td><a href="#m15">verifyUser</a></td></tr></tbody><tbody id="t3"><tr><th colspan="4">case4 &#8212; passed</th></tr><tr class="passedeven"><td rowspan="1">TestCases.Case4</td><td><a href="#m16">f</a></td><td rowspan="1">1495605556132</td><td rowspan="1">2898250</td></tr></tbody><tbody id="t4"><tr><th colspan="4">case5 &#8212; failed</th></tr><tr class="failedeven"><td rowspan="1">TestCases.Case5</td><td><a href="#m17">f</a></td><td rowspan="1">1495608479583</td><td rowspan="1">3545</td></tr><tr><th colspan="4">case5 &#8212; passed</th></tr><tr class="passedeven"><td rowspan="1">TestCases.Case5</td><td><a href="#m18">Demo3</a></td><td rowspan="1">1495608460659</td><td rowspan="1">2</td></tr></tbody></table><h2>case1</h2><h3 id="m0">TestCases.Case1#open1</h3><table class="result"><tr><th>Exception</th></tr><tr><td><div class="stacktrace">java.lang.RuntimeException: failed!
	at TestCases.Case1.open1(Case1.java:48)
	at sun.reflect.NativeMethodAccessorImpl.invoke0(Native Method)
	at sun.reflect.NativeMethodAccessorImpl.invoke(Unknown Source)
	at sun.reflect.DelegatingMethodAccessorImpl.invoke(Unknown Source)
	at java.lang.reflect.Method.invoke(Unknown Source)
	at org.testng.internal.MethodInvocationHelper.invokeMethod(MethodInvocationHelper.java:84)
	at org.testng.internal.Invoker.invokeMethod(Invoker.java:714)
	at org.testng.internal.Invoker.invokeTestMethod(Invoker.java:901)
	at org.testng.internal.Invoker.invokeTestMethods(Invoker.java:1231)
	at org.testng.internal.TestMethodWorker.invokeTestMethods(TestMethodWorker.java:127)
	at org.testng.internal.TestMethodWorker.run(TestMethodWorker.java:111)
	at org.testng.TestRunner.privateRun(TestRunner.java:767)
	at org.testng.TestRunner.run(TestRunner.java:617)
	at org.testng.SuiteRunner.runTest(SuiteRunner.java:348)
	at org.testng.SuiteRunner.runSequentially(SuiteRunner.java:343)
	at org.testng.SuiteRunner.privateRun(SuiteRunner.java:305)
	at org.testng.SuiteRunner.run(SuiteRunner.java:254)
	at org.testng.SuiteRunnerWorker.runSuite(SuiteRunnerWorker.java:52)
	at org.testng.SuiteRunnerWorker.run(SuiteRunnerWorker.java:86)
	at org.testng.TestNG.runSuitesSequentially(TestNG.java:1224)
	at org.testng.TestNG.runSuitesLocally(TestNG.java:1149)
	at org.testng.TestNG.run(TestNG.java:1057)
	at org.testng.remote.AbstractRemoteTestNG.run(AbstractRemoteTestNG.java:132)
	at org.testng.remote.RemoteTestNG.initAndRun(RemoteTestNG.java:230)
	at org.testng.remote.RemoteTestNG.main(RemoteTestNG.java:76)
</div></td></tr></table><p class="totop"><a href="#summary">back to summary</a></p><h3 id="m1">TestCases.Case1#open</h3><table class="result"></table><p class="totop"><a href="#summary">back to summary</a></p><h3 id="m2">TestCases.Case1#open2</h3><table class="result"></table><p class="totop"><a href="#summary">back to summary</a></p><h3 id="m3">TestCases.Case1#open3</h3><table class="result"></table><p class="totop"><a href="#summary">back to summary</a></p><h3 id="m4">TestCases.Case1#open4</h3><table class="result"><tr><th>Messages</th></tr><tr><td><div class="messages">finished --&gt;</div></td></tr><tr><th>Expected Exception</th></tr><tr><td><div class="stacktrace">java.lang.IllegalArgumentException: NullPoint
	at TestCases.Case1.open4(Case1.java:80)
	at sun.reflect.NativeMethodAccessorImpl.invoke0(Native Method)
	at sun.reflect.NativeMethodAccessorImpl.invoke(Unknown Source)
	at sun.reflect.DelegatingMethodAccessorImpl.invoke(Unknown Source)
	at java.lang.reflect.Method.invoke(Unknown Source)
	at org.testng.internal.MethodInvocationHelper.invokeMethod(MethodInvocationHelper.java:84)
	at org.testng.internal.Invoker.invokeMethod(Invoker.java:714)
	at org.testng.internal.Invoker.invokeTestMethod(Invoker.java:901)
	at org.testng.internal.Invoker.invokeTestMethods(Invoker.java:1231)
	at org.testng.internal.TestMethodWorker.invokeTestMethods(TestMethodWorker.java:127)
	at org.testng.internal.TestMethodWorker.run(TestMethodWorker.java:111)
	at org.testng.TestRunner.privateRun(TestRunner.java:767)
	at org.testng.TestRunner.run(TestRunner.java:617)
	at org.testng.SuiteRunner.runTest(SuiteRunner.java:348)
	at org.testng.SuiteRunner.runSequentially(SuiteRunner.java:343)
	at org.testng.SuiteRunner.privateRun(SuiteRunner.java:305)
	at org.testng.SuiteRunner.run(SuiteRunner.java:254)
	at org.testng.SuiteRunnerWorker.runSuite(SuiteRunnerWorker.java:52)
	at org.testng.SuiteRunnerWorker.run(SuiteRunnerWorker.java:86)
	at org.testng.TestNG.runSuitesSequentially(TestNG.java:1224)
	at org.testng.TestNG.runSuitesLocally(TestNG.java:1149)
	at org.testng.TestNG.run(TestNG.java:1057)
	at org.testng.remote.AbstractRemoteTestNG.run(AbstractRemoteTestNG.java:132)
	at org.testng.remote.RemoteTestNG.initAndRun(RemoteTestNG.java:230)
	at org.testng.remote.RemoteTestNG.main(RemoteTestNG.java:76)
</div></td></tr></table><p class="totop"><a href="#summary">back to summary</a></p><h2>case2</h2><h3 id="m5">TestCases.Case2#f</h3><table class="result"><tr class="param"><th>Parameter #1</th><th>Parameter #2</th></tr><tr class="param stripe"><td>1</td><td>a</td></tr></table><p class="totop"><a href="#summary">back to summary</a></p><h3 id="m6">TestCases.Case2#f</h3><table class="result"><tr class="param"><th>Parameter #1</th><th>Parameter #2</th></tr><tr class="param stripe"><td>2</td><td>b</td></tr></table><p class="totop"><a href="#summary">back to summary</a></p><h2>case3</h2><h3 id="m7">TestCases.Case3#test5</h3><table class="result"><tr><th>Exception</th></tr><tr><td><div class="stacktrace">java.lang.RuntimeException: fail....
	at TestCases.Case3.test5(Case3.java:150)
	at sun.reflect.NativeMethodAccessorImpl.invoke0(Native Method)
	at sun.reflect.NativeMethodAccessorImpl.invoke(Unknown Source)
	at sun.reflect.DelegatingMethodAccessorImpl.invoke(Unknown Source)
	at java.lang.reflect.Method.invoke(Unknown Source)
	at org.testng.internal.MethodInvocationHelper.invokeMethod(MethodInvocationHelper.java:84)
	at org.testng.internal.Invoker.invokeMethod(Invoker.java:714)
	at org.testng.internal.Invoker.invokeTestMethod(Invoker.java:901)
	at org.testng.internal.Invoker.invokeTestMethods(Invoker.java:1231)
	at org.testng.internal.TestMethodWorker.invokeTestMethods(TestMethodWorker.java:127)
	at org.testng.internal.TestMethodWorker.run(TestMethodWorker.java:111)
	at org.testng.TestRunner.privateRun(TestRunner.java:767)
	at org.testng.TestRunner.run(TestRunner.java:617)
	at org.testng.SuiteRunner.runTest(SuiteRunner.java:348)
	at org.testng.SuiteRunner.runSequentially(SuiteRunner.java:343)
	at org.testng.SuiteRunner.privateRun(SuiteRunner.java:305)
	at org.testng.SuiteRunner.run(SuiteRunner.java:254)
	at org.testng.SuiteRunnerWorker.runSuite(SuiteRunnerWorker.java:52)
	at org.testng.SuiteRunnerWorker.run(SuiteRunnerWorker.java:86)
	at org.testng.TestNG.runSuitesSequentially(TestNG.java:1224)
	at org.testng.TestNG.runSuitesLocally(TestNG.java:1149)
	at org.testng.TestNG.run(TestNG.java:1057)
	at org.testng.remote.AbstractRemoteTestNG.run(AbstractRemoteTestNG.java:132)
	at org.testng.remote.RemoteTestNG.initAndRun(RemoteTestNG.java:230)
	at org.testng.remote.RemoteTestNG.main(RemoteTestNG.java:76)
</div></td></tr></table><p class="totop"><a href="#summary">back to summary</a></p><h3 id="m8">TestCases.Case3#test1</h3><table class="result"></table><p class="totop"><a href="#summary">back to summary</a></p><h3 id="m9">TestCases.Case3#test2</h3><table class="result"></table><p class="totop"><a href="#summary">back to summary</a></p><h3 id="m10">TestCases.Case3#test3</h3><table class="result"></table><p class="totop"><a href="#summary">back to summary</a></p><h3 id="m11">TestCases.Case3#test4</h3><table class="result"></table><p class="totop"><a href="#summary">back to summary</a></p><h3 id="m12">TestCases.Case3#test6</h3><table class="result"><tr class="param"><th>Parameter #1</th></tr><tr class="param stripe"><td>Tank</td></tr></table><p class="totop"><a href="#summary">back to summary</a></p><h3 id="m13">TestCases.Case3#verifyUser</h3><table class="result"><tr class="param"><th>Parameter #1</th><th>Parameter #2</th></tr><tr class="param stripe"><td>tank</td><td>xiao</td></tr></table><p class="totop"><a href="#summary">back to summary</a></p><h3 id="m14">TestCases.Case3#verifyUser</h3><table class="result"><tr class="param"><th>Parameter #1</th><th>Parameter #2</th></tr><tr class="param stripe"><td>root</td><td>passowrd</td></tr></table><p class="totop"><a href="#summary">back to summary</a></p><h3 id="m15">TestCases.Case3#verifyUser</h3><table class="result"><tr class="param"><th>Parameter #1</th><th>Parameter #2</th></tr><tr class="param stripe"><td>cnblogs.com</td><td>tankxiao</td></tr></table><p class="totop"><a href="#summary">back to summary</a></p><h2>case4</h2><h3 id="m16">TestCases.Case4#f</h3><table class="result"></table><p class="totop"><a href="#summary">back to summary</a></p><h2>case5</h2><h3 id="m17">TestCases.Case5#f</h3><table class="result"><tr><th>Exception</th></tr><tr><td><div class="stacktrace">java.lang.AssertionError: expected [10] but found [12]
	at org.testng.Assert.fail(Assert.java:94)
	at org.testng.Assert.failNotEquals(Assert.java:494)
	at org.testng.Assert.assertEquals(Assert.java:123)
	at org.testng.Assert.assertEquals(Assert.java:176)
	at org.testng.Assert.assertEquals(Assert.java:186)
	at TestCases.Case5.f(Case5.java:32)
	at sun.reflect.NativeMethodAccessorImpl.invoke0(Native Method)
	at sun.reflect.NativeMethodAccessorImpl.invoke(Unknown Source)
	at sun.reflect.DelegatingMethodAccessorImpl.invoke(Unknown Source)
	at java.lang.reflect.Method.invoke(Unknown Source)
	at org.testng.internal.MethodInvocationHelper.invokeMethod(MethodInvocationHelper.java:84)
	at org.testng.internal.Invoker.invokeMethod(Invoker.java:714)
	at org.testng.internal.Invoker.retryFailed(Invoker.java:1049)
	at org.testng.internal.Invoker.invokeTestMethods(Invoker.java:1254)
	at org.testng.internal.TestMethodWorker.invokeTestMethods(TestMethodWorker.java:127)
	at org.testng.internal.TestMethodWorker.run(TestMethodWorker.java:111)
	at org.testng.TestRunner.privateRun(TestRunner.java:767)
	at org.testng.TestRunner.run(TestRunner.java:617)
	at org.testng.SuiteRunner.runTest(SuiteRunner.java:348)
	at org.testng.SuiteRunner.runSequentially(SuiteRunner.java:343)
	at org.testng.SuiteRunner.privateRun(SuiteRunner.java:305)
	at org.testng.SuiteRunner.run(SuiteRunner.java:254)
	at org.testng.SuiteRunnerWorker.runSuite(SuiteRunnerWorker.java:52)
	at org.testng.SuiteRunnerWorker.run(SuiteRunnerWorker.java:86)
	at org.testng.TestNG.runSuitesSequentially(TestNG.java:1224)
	at org.testng.TestNG.runSuitesLocally(TestNG.java:1149)
	at org.testng.TestNG.run(TestNG.java:1057)
	at org.testng.remote.AbstractRemoteTestNG.run(AbstractRemoteTestNG.java:132)
	at org.testng.remote.RemoteTestNG.initAndRun(RemoteTestNG.java:230)
	at org.testng.remote.RemoteTestNG.main(RemoteTestNG.java:76)
</div></td></tr></table><p class="totop"><a href="#summary">back to summary</a></p><h3 id="m18">TestCases.Case5#Demo3</h3><table class="result"></table><p class="totop"><a href="#summary">back to summary</a></p></body></html>